INFO  2020-01-18 17:26:52,143  autoreload  578  Watching for file changes with StatReloader
INFO  2020-01-18 17:28:16,092  autoreload  578  Watching for file changes with StatReloader
INFO  2020-01-18 17:29:19,691  basehttp  154  "POST /servers/ HTTP/1.1" 200 35
INFO  2020-01-18 17:31:19,180  autoreload  578  Watching for file changes with StatReloader
ERROR  2020-01-18 17:31:34,978  views  80  ('Connection aborted.', RemoteDisconnected('Remote end closed connection without response'))
INFO  2020-01-18 17:31:35,812  basehttp  154  "POST /servers/ HTTP/1.1" 200 44
INFO  2020-01-18 17:32:17,088  autoreload  578  Watching for file changes with StatReloader
INFO  2020-01-18 17:34:38,985  autoreload  578  Watching for file changes with StatReloader
ERROR  2020-01-18 17:34:48,225  views  80  ('Connection aborted.', RemoteDisconnected('Remote end closed connection without response'))
INFO  2020-01-18 17:34:48,754  basehttp  154  "POST /servers/ HTTP/1.1" 200 44
INFO  2020-01-18 17:37:21,704  autoreload  203  F:\pythonproject\shenqiproject\shenqioperate\apps\servemanage\views.py changed, reloading.
INFO  2020-01-18 17:37:23,089  autoreload  578  Watching for file changes with StatReloader
INFO  2020-01-19 09:25:36,164  autoreload  578  Watching for file changes with StatReloader
INFO  2020-01-19 09:25:54,405  autoreload  578  Watching for file changes with StatReloader
INFO  2020-01-19 09:26:38,048  autoreload  578  Watching for file changes with StatReloader
ERROR  2020-01-19 09:47:40,919  views  78  ('Connection aborted.', RemoteDisconnected('Remote end closed connection without response'))
INFO  2020-01-19 09:47:40,922  basehttp  154  "POST /servers/ HTTP/1.1" 200 44
INFO  2020-01-19 10:12:12,449  autoreload  578  Watching for file changes with StatReloader
ERROR  2020-01-19 10:12:18,324  log  228  Internal Server Error: /servers/
Traceback (most recent call last):
  File "F:\workon_home\shenqioperate\lib\site-packages\django\core\handlers\exception.py", line 34, in inner
    response = get_response(request)
  File "F:\workon_home\shenqioperate\lib\site-packages\django\core\handlers\base.py", line 115, in _get_response
    response = self.process_exception_by_middleware(e, request)
  File "F:\workon_home\shenqioperate\lib\site-packages\django\core\handlers\base.py", line 113, in _get_response
    response = wrapped_callback(request, *callback_args, **callback_kwargs)
  File "F:\workon_home\shenqioperate\lib\site-packages\django\views\decorators\csrf.py", line 54, in wrapped_view
    return view_func(*args, **kwargs)
  File "F:\workon_home\shenqioperate\lib\site-packages\django\views\generic\base.py", line 71, in view
    return self.dispatch(request, *args, **kwargs)
  File "F:\workon_home\shenqioperate\lib\site-packages\rest_framework\views.py", line 505, in dispatch
    response = self.handle_exception(exc)
  File "F:\workon_home\shenqioperate\lib\site-packages\rest_framework\views.py", line 465, in handle_exception
    self.raise_uncaught_exception(exc)
  File "F:\workon_home\shenqioperate\lib\site-packages\rest_framework\views.py", line 476, in raise_uncaught_exception
    raise exc
  File "F:\workon_home\shenqioperate\lib\site-packages\rest_framework\views.py", line 502, in dispatch
    response = handler(request, *args, **kwargs)
  File "F:\pythonproject\shenqiproject\shenqioperate\apps\servemanage\views.py", line 88, in post
    res_str = res.text
AttributeError: 'HTTPResponse' object has no attribute 'text'
ERROR  2020-01-19 10:12:18,327  basehttp  154  "POST /servers/ HTTP/1.1" 500 21066
INFO  2020-01-19 10:12:51,300  autoreload  578  Watching for file changes with StatReloader
ERROR  2020-01-19 10:13:20,107  log  228  Internal Server Error: /servers/
Traceback (most recent call last):
  File "F:\workon_home\shenqioperate\lib\site-packages\django\core\handlers\exception.py", line 34, in inner
    response = get_response(request)
  File "F:\workon_home\shenqioperate\lib\site-packages\django\core\handlers\base.py", line 115, in _get_response
    response = self.process_exception_by_middleware(e, request)
  File "F:\workon_home\shenqioperate\lib\site-packages\django\core\handlers\base.py", line 113, in _get_response
    response = wrapped_callback(request, *callback_args, **callback_kwargs)
  File "F:\workon_home\shenqioperate\lib\site-packages\django\views\decorators\csrf.py", line 54, in wrapped_view
    return view_func(*args, **kwargs)
  File "F:\workon_home\shenqioperate\lib\site-packages\django\views\generic\base.py", line 71, in view
    return self.dispatch(request, *args, **kwargs)
  File "F:\workon_home\shenqioperate\lib\site-packages\rest_framework\views.py", line 507, in dispatch
    self.response = self.finalize_response(request, response, *args, **kwargs)
  File "F:\workon_home\shenqioperate\lib\site-packages\rest_framework\views.py", line 422, in finalize_response
    % type(response)
AssertionError: Expected a `Response`, `HttpResponse` or `HttpStreamingResponse` to be returned from the view, but received a `<class 'NoneType'>`
ERROR  2020-01-19 10:13:20,115  basehttp  154  "POST /servers/ HTTP/1.1" 500 88171
INFO  2020-01-19 10:14:10,170  autoreload  578  Watching for file changes with StatReloader
ERROR  2020-01-19 10:14:20,503  log  228  Internal Server Error: /servers/
Traceback (most recent call last):
  File "F:\workon_home\shenqioperate\lib\site-packages\django\core\handlers\exception.py", line 34, in inner
    response = get_response(request)
  File "F:\workon_home\shenqioperate\lib\site-packages\django\core\handlers\base.py", line 115, in _get_response
    response = self.process_exception_by_middleware(e, request)
  File "F:\workon_home\shenqioperate\lib\site-packages\django\core\handlers\base.py", line 113, in _get_response
    response = wrapped_callback(request, *callback_args, **callback_kwargs)
  File "F:\workon_home\shenqioperate\lib\site-packages\django\views\decorators\csrf.py", line 54, in wrapped_view
    return view_func(*args, **kwargs)
  File "F:\workon_home\shenqioperate\lib\site-packages\django\views\generic\base.py", line 71, in view
    return self.dispatch(request, *args, **kwargs)
  File "F:\workon_home\shenqioperate\lib\site-packages\rest_framework\views.py", line 507, in dispatch
    self.response = self.finalize_response(request, response, *args, **kwargs)
  File "F:\workon_home\shenqioperate\lib\site-packages\rest_framework\views.py", line 422, in finalize_response
    % type(response)
AssertionError: Expected a `Response`, `HttpResponse` or `HttpStreamingResponse` to be returned from the view, but received a `<class 'NoneType'>`
ERROR  2020-01-19 10:14:20,531  basehttp  154  "POST /servers/ HTTP/1.1" 500 88171
INFO  2020-01-19 10:22:39,722  autoreload  578  Watching for file changes with StatReloader
ERROR  2020-01-19 10:22:43,926  views  90  nonnumeric port: '41210/'
INFO  2020-01-19 10:22:43,935  basehttp  154  "POST /servers/ HTTP/1.1" 200 44
ERROR  2020-01-19 10:24:10,674  views  90  nonnumeric port: '41210/'
INFO  2020-01-19 10:24:11,243  basehttp  154  "POST /servers/ HTTP/1.1" 200 44
INFO  2020-01-19 10:27:31,954  autoreload  578  Watching for file changes with StatReloader
INFO  2020-01-19 10:27:54,608  autoreload  578  Watching for file changes with StatReloader
ERROR  2020-01-19 10:28:11,548  log  228  Internal Server Error: /servers/
Traceback (most recent call last):
  File "F:\workon_home\shenqioperate\lib\site-packages\django\core\handlers\exception.py", line 34, in inner
    response = get_response(request)
  File "F:\workon_home\shenqioperate\lib\site-packages\django\core\handlers\base.py", line 115, in _get_response
    response = self.process_exception_by_middleware(e, request)
  File "F:\workon_home\shenqioperate\lib\site-packages\django\core\handlers\base.py", line 113, in _get_response
    response = wrapped_callback(request, *callback_args, **callback_kwargs)
  File "F:\workon_home\shenqioperate\lib\site-packages\django\views\decorators\csrf.py", line 54, in wrapped_view
    return view_func(*args, **kwargs)
  File "F:\workon_home\shenqioperate\lib\site-packages\django\views\generic\base.py", line 71, in view
    return self.dispatch(request, *args, **kwargs)
  File "F:\workon_home\shenqioperate\lib\site-packages\rest_framework\views.py", line 507, in dispatch
    self.response = self.finalize_response(request, response, *args, **kwargs)
  File "F:\workon_home\shenqioperate\lib\site-packages\rest_framework\views.py", line 422, in finalize_response
    % type(response)
AssertionError: Expected a `Response`, `HttpResponse` or `HttpStreamingResponse` to be returned from the view, but received a `<class 'NoneType'>`
ERROR  2020-01-19 10:28:11,554  basehttp  154  "POST /servers/ HTTP/1.1" 500 88171
INFO  2020-01-19 10:29:01,709  autoreload  578  Watching for file changes with StatReloader
ERROR  2020-01-19 10:29:17,132  views  91  POST data should be bytes, an iterable of bytes, or a file object. It cannot be of type str.
INFO  2020-01-19 10:29:17,604  basehttp  154  "POST /servers/ HTTP/1.1" 200 44
INFO  2020-01-19 10:43:55,162  autoreload  578  Watching for file changes with StatReloader
INFO  2020-01-19 10:44:02,366  autoreload  578  Watching for file changes with StatReloader
INFO  2020-01-19 10:44:08,762  basehttp  154  "POST /test/ HTTP/1.1" 200 14
INFO  2020-01-19 10:44:23,596  autoreload  578  Watching for file changes with StatReloader
ERROR  2020-01-19 10:44:30,406  log  228  Internal Server Error: /testjson/
Traceback (most recent call last):
  File "F:\pythoninterpreter\Python37\lib\http\client.py", line 887, in _get_hostport
    port = int(host[i+1:])
ValueError: invalid literal for int() with base 10: '41210/'

During handling of the above exception, another exception occurred:

Traceback (most recent call last):
  File "F:\workon_home\shenqioperate\lib\site-packages\django\core\handlers\exception.py", line 34, in inner
    response = get_response(request)
  File "F:\workon_home\shenqioperate\lib\site-packages\django\core\handlers\base.py", line 115, in _get_response
    response = self.process_exception_by_middleware(e, request)
  File "F:\workon_home\shenqioperate\lib\site-packages\django\core\handlers\base.py", line 113, in _get_response
    response = wrapped_callback(request, *callback_args, **callback_kwargs)
  File "F:\workon_home\shenqioperate\lib\site-packages\django\views\decorators\csrf.py", line 54, in wrapped_view
    return view_func(*args, **kwargs)
  File "F:\workon_home\shenqioperate\lib\site-packages\django\views\generic\base.py", line 71, in view
    return self.dispatch(request, *args, **kwargs)
  File "F:\workon_home\shenqioperate\lib\site-packages\rest_framework\views.py", line 505, in dispatch
    response = self.handle_exception(exc)
  File "F:\workon_home\shenqioperate\lib\site-packages\rest_framework\views.py", line 465, in handle_exception
    self.raise_uncaught_exception(exc)
  File "F:\workon_home\shenqioperate\lib\site-packages\rest_framework\views.py", line 476, in raise_uncaught_exception
    raise exc
  File "F:\workon_home\shenqioperate\lib\site-packages\rest_framework\views.py", line 502, in dispatch
    response = handler(request, *args, **kwargs)
  File "F:\pythonproject\shenqiproject\shenqioperate\apps\servemanage\views.py", line 127, in post
    conn = http.client.HTTPConnection(url)
  File "F:\pythoninterpreter\Python37\lib\http\client.py", line 851, in __init__
    (self.host, self.port) = self._get_hostport(host, port)
  File "F:\pythoninterpreter\Python37\lib\http\client.py", line 892, in _get_hostport
    raise InvalidURL("nonnumeric port: '%s'" % host[i+1:])
http.client.InvalidURL: nonnumeric port: '41210/'
ERROR  2020-01-19 10:44:30,440  basehttp  154  "POST /testjson/ HTTP/1.1" 500 21587
INFO  2020-01-19 10:45:17,385  autoreload  578  Watching for file changes with StatReloader
ERROR  2020-01-19 10:45:30,051  log  228  Internal Server Error: /testjson/
Traceback (most recent call last):
  File "F:\workon_home\shenqioperate\lib\site-packages\django\core\handlers\exception.py", line 34, in inner
    response = get_response(request)
  File "F:\workon_home\shenqioperate\lib\site-packages\django\core\handlers\base.py", line 115, in _get_response
    response = self.process_exception_by_middleware(e, request)
  File "F:\workon_home\shenqioperate\lib\site-packages\django\core\handlers\base.py", line 113, in _get_response
    response = wrapped_callback(request, *callback_args, **callback_kwargs)
  File "F:\workon_home\shenqioperate\lib\site-packages\django\views\decorators\csrf.py", line 54, in wrapped_view
    return view_func(*args, **kwargs)
  File "F:\workon_home\shenqioperate\lib\site-packages\django\views\generic\base.py", line 71, in view
    return self.dispatch(request, *args, **kwargs)
  File "F:\workon_home\shenqioperate\lib\site-packages\rest_framework\views.py", line 505, in dispatch
    response = self.handle_exception(exc)
  File "F:\workon_home\shenqioperate\lib\site-packages\rest_framework\views.py", line 465, in handle_exception
    self.raise_uncaught_exception(exc)
  File "F:\workon_home\shenqioperate\lib\site-packages\rest_framework\views.py", line 476, in raise_uncaught_exception
    raise exc
  File "F:\workon_home\shenqioperate\lib\site-packages\rest_framework\views.py", line 502, in dispatch
    response = handler(request, *args, **kwargs)
  File "F:\pythonproject\shenqiproject\shenqioperate\apps\servemanage\views.py", line 131, in post
    conn.request("POST", url=url, body=data, headers=headers)
  File "F:\pythoninterpreter\Python37\lib\http\client.py", line 1244, in request
    self._send_request(method, url, body, headers, encode_chunked)
  File "F:\pythoninterpreter\Python37\lib\http\client.py", line 1290, in _send_request
    self.endheaders(body, encode_chunked=encode_chunked)
  File "F:\pythoninterpreter\Python37\lib\http\client.py", line 1239, in endheaders
    self._send_output(message_body, encode_chunked=encode_chunked)
  File "F:\pythoninterpreter\Python37\lib\http\client.py", line 1026, in _send_output
    self.send(msg)
  File "F:\pythoninterpreter\Python37\lib\http\client.py", line 966, in send
    self.connect()
  File "F:\pythoninterpreter\Python37\lib\http\client.py", line 938, in connect
    (self.host,self.port), self.timeout, self.source_address)
  File "F:\pythoninterpreter\Python37\lib\socket.py", line 707, in create_connection
    for res in getaddrinfo(host, port, 0, SOCK_STREAM):
  File "F:\pythoninterpreter\Python37\lib\socket.py", line 748, in getaddrinfo
    for res in _socket.getaddrinfo(host, port, family, type, proto, flags):
socket.gaierror: [Errno 11004] getaddrinfo failed
ERROR  2020-01-19 10:45:30,067  basehttp  154  "POST /testjson/ HTTP/1.1" 500 22150
INFO  2020-01-19 10:52:22,375  autoreload  578  Watching for file changes with StatReloader
ERROR  2020-01-19 10:52:29,482  log  228  Internal Server Error: /testjson/
Traceback (most recent call last):
  File "F:\workon_home\shenqioperate\lib\site-packages\django\core\handlers\exception.py", line 34, in inner
    response = get_response(request)
  File "F:\workon_home\shenqioperate\lib\site-packages\django\core\handlers\base.py", line 115, in _get_response
    response = self.process_exception_by_middleware(e, request)
  File "F:\workon_home\shenqioperate\lib\site-packages\django\core\handlers\base.py", line 113, in _get_response
    response = wrapped_callback(request, *callback_args, **callback_kwargs)
  File "F:\workon_home\shenqioperate\lib\site-packages\django\views\decorators\csrf.py", line 54, in wrapped_view
    return view_func(*args, **kwargs)
  File "F:\workon_home\shenqioperate\lib\site-packages\django\views\generic\base.py", line 71, in view
    return self.dispatch(request, *args, **kwargs)
  File "F:\workon_home\shenqioperate\lib\site-packages\rest_framework\views.py", line 507, in dispatch
    self.response = self.finalize_response(request, response, *args, **kwargs)
  File "F:\workon_home\shenqioperate\lib\site-packages\rest_framework\views.py", line 422, in finalize_response
    % type(response)
AssertionError: Expected a `Response`, `HttpResponse` or `HttpStreamingResponse` to be returned from the view, but received a `<class 'NoneType'>`
ERROR  2020-01-19 10:52:29,485  basehttp  154  "POST /testjson/ HTTP/1.1" 500 88061
ERROR  2020-01-19 10:53:20,814  log  228  Internal Server Error: /testjson/
Traceback (most recent call last):
  File "F:\workon_home\shenqioperate\lib\site-packages\django\core\handlers\exception.py", line 34, in inner
    response = get_response(request)
  File "F:\workon_home\shenqioperate\lib\site-packages\django\core\handlers\base.py", line 115, in _get_response
    response = self.process_exception_by_middleware(e, request)
  File "F:\workon_home\shenqioperate\lib\site-packages\django\core\handlers\base.py", line 113, in _get_response
    response = wrapped_callback(request, *callback_args, **callback_kwargs)
  File "F:\workon_home\shenqioperate\lib\site-packages\django\views\decorators\csrf.py", line 54, in wrapped_view
    return view_func(*args, **kwargs)
  File "F:\workon_home\shenqioperate\lib\site-packages\django\views\generic\base.py", line 71, in view
    return self.dispatch(request, *args, **kwargs)
  File "F:\workon_home\shenqioperate\lib\site-packages\rest_framework\views.py", line 507, in dispatch
    self.response = self.finalize_response(request, response, *args, **kwargs)
  File "F:\workon_home\shenqioperate\lib\site-packages\rest_framework\views.py", line 422, in finalize_response
    % type(response)
AssertionError: Expected a `Response`, `HttpResponse` or `HttpStreamingResponse` to be returned from the view, but received a `<class 'NoneType'>`
ERROR  2020-01-19 10:53:20,818  basehttp  154  "POST /testjson/ HTTP/1.1" 500 88061
INFO  2020-01-19 10:57:15,113  autoreload  578  Watching for file changes with StatReloader
INFO  2020-01-19 10:59:14,972  basehttp  154  "POST /servers/ HTTP/1.1" 200 35
INFO  2020-01-19 11:02:25,778  autoreload  203  F:\pythonproject\shenqiproject\shenqioperate\apps\servemanage\views.py changed, reloading.
INFO  2020-01-19 11:02:27,166  autoreload  578  Watching for file changes with StatReloader
WARNING  2020-01-19 11:02:30,403  log  228  Unauthorized: /servers/
WARNING  2020-01-19 11:02:30,405  basehttp  154  "POST /servers/ HTTP/1.1" 401 46
ERROR  2020-01-19 11:03:36,020  views  75  HTTPConnectionPool(host='192.168.90.208', port=41210): Max retries exceeded with url: / (Caused by NewConnectionError('<urllib3.connection.HTTPConnection object at 0x0000000006187148>: Failed to establish a new connection: [WinError 10061] 由于目标计算机积极拒绝，无法连接。'))
INFO  2020-01-19 11:03:38,867  basehttp  154  "POST /servers/ HTTP/1.1" 200 44
INFO  2020-01-19 11:04:53,757  basehttp  154  "POST /servers/ HTTP/1.1" 200 123
WARNING  2020-01-19 13:32:47,021  log  228  Not Found: /
WARNING  2020-01-19 13:32:47,022  basehttp  154  "GET / HTTP/1.1" 404 2286
WARNING  2020-01-19 13:32:49,106  log  228  Not Found: /HNAP1/
WARNING  2020-01-19 13:32:49,107  basehttp  154  "GET /HNAP1/ HTTP/1.1" 404 2317
INFO  2020-01-19 13:56:48,779  autoreload  578  Watching for file changes with StatReloader
INFO  2020-01-19 13:57:36,580  autoreload  203  F:\pythonproject\shenqiproject\shenqioperate\apps\channelmanage\views.py changed, reloading.
INFO  2020-01-19 13:57:37,965  autoreload  578  Watching for file changes with StatReloader
WARNING  2020-01-19 13:58:00,889  log  228  Method Not Allowed: /channels/
WARNING  2020-01-19 13:58:00,890  basehttp  154  "POST /channels/ HTTP/1.1" 405 41
INFO  2020-01-19 13:58:09,718  basehttp  154  "GET /channels/ HTTP/1.1" 200 51
WARNING  2020-01-19 13:58:11,230  log  228  Not Found: /
WARNING  2020-01-19 13:58:11,233  basehttp  154  "GET / HTTP/1.1" 404 2442
WARNING  2020-01-19 13:58:11,313  log  228  Not Found: /favicon.ico
WARNING  2020-01-19 13:58:11,314  basehttp  154  "GET /favicon.ico HTTP/1.1" 404 2493
INFO  2020-01-19 14:13:59,760  autoreload  578  Watching for file changes with StatReloader
INFO  2020-01-19 14:14:02,244  basehttp  154  "GET /channels/ HTTP/1.1" 200 276
INFO  2020-01-19 14:43:15,946  autoreload  578  Watching for file changes with StatReloader
ERROR  2020-01-19 14:43:36,480  log  228  Internal Server Error: /channels/
Traceback (most recent call last):
  File "F:\workon_home\shenqioperate\lib\site-packages\django\core\handlers\exception.py", line 34, in inner
    response = get_response(request)
  File "F:\workon_home\shenqioperate\lib\site-packages\django\core\handlers\base.py", line 115, in _get_response
    response = self.process_exception_by_middleware(e, request)
  File "F:\workon_home\shenqioperate\lib\site-packages\django\core\handlers\base.py", line 113, in _get_response
    response = wrapped_callback(request, *callback_args, **callback_kwargs)
  File "F:\workon_home\shenqioperate\lib\site-packages\django\views\decorators\csrf.py", line 54, in wrapped_view
    return view_func(*args, **kwargs)
  File "F:\workon_home\shenqioperate\lib\site-packages\django\views\generic\base.py", line 71, in view
    return self.dispatch(request, *args, **kwargs)
  File "F:\workon_home\shenqioperate\lib\site-packages\rest_framework\views.py", line 505, in dispatch
    response = self.handle_exception(exc)
  File "F:\workon_home\shenqioperate\lib\site-packages\rest_framework\views.py", line 465, in handle_exception
    self.raise_uncaught_exception(exc)
  File "F:\workon_home\shenqioperate\lib\site-packages\rest_framework\views.py", line 476, in raise_uncaught_exception
    raise exc
  File "F:\workon_home\shenqioperate\lib\site-packages\rest_framework\views.py", line 502, in dispatch
    response = handler(request, *args, **kwargs)
  File "F:\pythonproject\shenqiproject\shenqioperate\apps\channelmanage\views.py", line 38, in get
    district_service, use_notice, notice_content = result[0]
ValueError: too many values to unpack (expected 3)
ERROR  2020-01-19 14:43:36,487  basehttp  154  "GET /channels/ HTTP/1.1" 500 20949
ERROR  2020-01-19 14:44:38,018  log  228  Internal Server Error: /channels/
Traceback (most recent call last):
  File "F:\workon_home\shenqioperate\lib\site-packages\django\core\handlers\exception.py", line 34, in inner
    response = get_response(request)
  File "F:\workon_home\shenqioperate\lib\site-packages\django\core\handlers\base.py", line 115, in _get_response
    response = self.process_exception_by_middleware(e, request)
  File "F:\workon_home\shenqioperate\lib\site-packages\django\core\handlers\base.py", line 113, in _get_response
    response = wrapped_callback(request, *callback_args, **callback_kwargs)
  File "F:\workon_home\shenqioperate\lib\site-packages\django\views\decorators\csrf.py", line 54, in wrapped_view
    return view_func(*args, **kwargs)
  File "F:\workon_home\shenqioperate\lib\site-packages\django\views\generic\base.py", line 71, in view
    return self.dispatch(request, *args, **kwargs)
  File "F:\workon_home\shenqioperate\lib\site-packages\rest_framework\views.py", line 505, in dispatch
    response = self.handle_exception(exc)
  File "F:\workon_home\shenqioperate\lib\site-packages\rest_framework\views.py", line 465, in handle_exception
    self.raise_uncaught_exception(exc)
  File "F:\workon_home\shenqioperate\lib\site-packages\rest_framework\views.py", line 476, in raise_uncaught_exception
    raise exc
  File "F:\workon_home\shenqioperate\lib\site-packages\rest_framework\views.py", line 502, in dispatch
    response = handler(request, *args, **kwargs)
  File "F:\pythonproject\shenqiproject\shenqioperate\apps\channelmanage\views.py", line 38, in get
    district_service, use_notice, notice_content = result[0]
ValueError: too many values to unpack (expected 3)
ERROR  2020-01-19 14:44:38,023  basehttp  154  "GET /channels/ HTTP/1.1" 500 20949
INFO  2020-01-19 14:44:43,671  autoreload  578  Watching for file changes with StatReloader
INFO  2020-01-19 14:45:33,997  autoreload  578  Watching for file changes with StatReloader
ERROR  2020-01-19 14:45:54,416  log  228  Internal Server Error: /channels/
Traceback (most recent call last):
  File "F:\workon_home\shenqioperate\lib\site-packages\django\core\handlers\exception.py", line 34, in inner
    response = get_response(request)
  File "F:\workon_home\shenqioperate\lib\site-packages\django\core\handlers\base.py", line 115, in _get_response
    response = self.process_exception_by_middleware(e, request)
  File "F:\workon_home\shenqioperate\lib\site-packages\django\core\handlers\base.py", line 113, in _get_response
    response = wrapped_callback(request, *callback_args, **callback_kwargs)
  File "F:\workon_home\shenqioperate\lib\site-packages\django\views\decorators\csrf.py", line 54, in wrapped_view
    return view_func(*args, **kwargs)
  File "F:\workon_home\shenqioperate\lib\site-packages\django\views\generic\base.py", line 71, in view
    return self.dispatch(request, *args, **kwargs)
  File "F:\workon_home\shenqioperate\lib\site-packages\rest_framework\views.py", line 505, in dispatch
    response = self.handle_exception(exc)
  File "F:\workon_home\shenqioperate\lib\site-packages\rest_framework\views.py", line 465, in handle_exception
    self.raise_uncaught_exception(exc)
  File "F:\workon_home\shenqioperate\lib\site-packages\rest_framework\views.py", line 476, in raise_uncaught_exception
    raise exc
  File "F:\workon_home\shenqioperate\lib\site-packages\rest_framework\views.py", line 502, in dispatch
    response = handler(request, *args, **kwargs)
  File "F:\pythonproject\shenqiproject\shenqioperate\apps\channelmanage\views.py", line 39, in get
    district_service, use_notice, notice_content = cursor.fetchone()  # fetchon 获取到一个元祖可以直接赋值
TypeError: cannot unpack non-iterable NoneType object
ERROR  2020-01-19 14:45:54,433  basehttp  154  "GET /channels/ HTTP/1.1" 500 21014
INFO  2020-01-19 14:46:24,355  autoreload  578  Watching for file changes with StatReloader
ERROR  2020-01-19 14:47:04,961  log  228  Internal Server Error: /channels/
Traceback (most recent call last):
  File "F:\workon_home\shenqioperate\lib\site-packages\django\core\handlers\exception.py", line 34, in inner
    response = get_response(request)
  File "F:\workon_home\shenqioperate\lib\site-packages\django\core\handlers\base.py", line 115, in _get_response
    response = self.process_exception_by_middleware(e, request)
  File "F:\workon_home\shenqioperate\lib\site-packages\django\core\handlers\base.py", line 113, in _get_response
    response = wrapped_callback(request, *callback_args, **callback_kwargs)
  File "F:\workon_home\shenqioperate\lib\site-packages\django\views\decorators\csrf.py", line 54, in wrapped_view
    return view_func(*args, **kwargs)
  File "F:\workon_home\shenqioperate\lib\site-packages\django\views\generic\base.py", line 71, in view
    return self.dispatch(request, *args, **kwargs)
  File "F:\workon_home\shenqioperate\lib\site-packages\rest_framework\views.py", line 505, in dispatch
    response = self.handle_exception(exc)
  File "F:\workon_home\shenqioperate\lib\site-packages\rest_framework\views.py", line 465, in handle_exception
    self.raise_uncaught_exception(exc)
  File "F:\workon_home\shenqioperate\lib\site-packages\rest_framework\views.py", line 476, in raise_uncaught_exception
    raise exc
  File "F:\workon_home\shenqioperate\lib\site-packages\rest_framework\views.py", line 502, in dispatch
    response = handler(request, *args, **kwargs)
  File "F:\pythonproject\shenqiproject\shenqioperate\apps\channelmanage\views.py", line 39, in get
    district_service, use_notice, notice_content = result  # fetchon 获取到一个元祖可以直接赋值
TypeError: cannot unpack non-iterable NoneType object
ERROR  2020-01-19 14:47:04,964  basehttp  154  "GET /channels/ HTTP/1.1" 500 21003
INFO  2020-01-19 14:52:42,592  autoreload  578  Watching for file changes with StatReloader
INFO  2020-01-19 15:16:17,726  autoreload  578  Watching for file changes with StatReloader
INFO  2020-01-19 15:16:23,365  basehttp  154  "GET /channels/ HTTP/1.1" 200 363
INFO  2020-01-19 15:18:14,367  basehttp  154  "GET /channels/ HTTP/1.1" 200 363
INFO  2020-01-19 15:18:28,797  autoreload  578  Watching for file changes with StatReloader
INFO  2020-01-19 15:18:33,486  basehttp  154  "GET /channels/ HTTP/1.1" 200 335
INFO  2020-01-19 15:19:50,055  autoreload  578  Watching for file changes with StatReloader
ERROR  2020-01-19 15:20:11,716  log  228  Internal Server Error: /channels/
Traceback (most recent call last):
  File "F:\workon_home\shenqioperate\lib\site-packages\django\core\handlers\exception.py", line 34, in inner
    response = get_response(request)
  File "F:\workon_home\shenqioperate\lib\site-packages\django\core\handlers\base.py", line 115, in _get_response
    response = self.process_exception_by_middleware(e, request)
  File "F:\workon_home\shenqioperate\lib\site-packages\django\core\handlers\base.py", line 113, in _get_response
    response = wrapped_callback(request, *callback_args, **callback_kwargs)
  File "F:\workon_home\shenqioperate\lib\site-packages\django\views\decorators\csrf.py", line 54, in wrapped_view
    return view_func(*args, **kwargs)
  File "F:\workon_home\shenqioperate\lib\site-packages\django\views\generic\base.py", line 71, in view
    return self.dispatch(request, *args, **kwargs)
  File "F:\workon_home\shenqioperate\lib\site-packages\rest_framework\views.py", line 505, in dispatch
    response = self.handle_exception(exc)
  File "F:\workon_home\shenqioperate\lib\site-packages\rest_framework\views.py", line 465, in handle_exception
    self.raise_uncaught_exception(exc)
  File "F:\workon_home\shenqioperate\lib\site-packages\rest_framework\views.py", line 476, in raise_uncaught_exception
    raise exc
  File "F:\workon_home\shenqioperate\lib\site-packages\rest_framework\views.py", line 502, in dispatch
    response = handler(request, *args, **kwargs)
  File "F:\pythonproject\shenqiproject\shenqioperate\apps\channelmanage\views.py", line 51, in get
    line_data['district_service'] += d_s_n_str
KeyError: 'district_service'
ERROR  2020-01-19 15:20:11,718  basehttp  154  "GET /channels/ HTTP/1.1" 500 20899
INFO  2020-01-19 15:20:47,047  autoreload  578  Watching for file changes with StatReloader
INFO  2020-01-19 15:20:52,029  basehttp  154  "GET /channels/ HTTP/1.1" 200 337
INFO  2020-01-19 15:22:39,247  autoreload  203  F:\pythonproject\shenqiproject\shenqioperate\apps\channelmanage\views.py changed, reloading.
INFO  2020-01-19 15:22:40,616  autoreload  578  Watching for file changes with StatReloader
INFO  2020-01-19 15:22:50,689  basehttp  154  "GET /channels/ HTTP/1.1" 200 337
INFO  2020-01-19 15:36:42,958  autoreload  203  F:\pythonproject\shenqiproject\shenqioperate\apps\channelmanage\views.py changed, reloading.
INFO  2020-01-19 15:36:44,282  autoreload  578  Watching for file changes with StatReloader
INFO  2020-01-19 15:36:50,686  basehttp  154  "GET /channels/ HTTP/1.1" 200 432
INFO  2020-01-19 15:38:52,219  basehttp  154  "GET /channels/ HTTP/1.1" 200 432
INFO  2020-01-19 15:43:02,177  basehttp  154  "GET /channels/ HTTP/1.1" 200 436
INFO  2020-01-19 15:52:57,478  autoreload  203  F:\pythonproject\shenqiproject\shenqioperate\apps\channelmanage\views.py changed, reloading.
INFO  2020-01-19 15:52:58,860  autoreload  578  Watching for file changes with StatReloader
INFO  2020-01-19 15:53:14,281  autoreload  578  Watching for file changes with StatReloader
ERROR  2020-01-19 15:57:50,088  log  228  Internal Server Error: /channels/
Traceback (most recent call last):
  File "F:\workon_home\shenqioperate\lib\site-packages\django\core\handlers\exception.py", line 34, in inner
    response = get_response(request)
  File "F:\workon_home\shenqioperate\lib\site-packages\django\core\handlers\base.py", line 115, in _get_response
    response = self.process_exception_by_middleware(e, request)
  File "F:\workon_home\shenqioperate\lib\site-packages\django\core\handlers\base.py", line 113, in _get_response
    response = wrapped_callback(request, *callback_args, **callback_kwargs)
  File "F:\workon_home\shenqioperate\lib\site-packages\django\views\decorators\csrf.py", line 54, in wrapped_view
    return view_func(*args, **kwargs)
  File "F:\workon_home\shenqioperate\lib\site-packages\django\views\generic\base.py", line 71, in view
    return self.dispatch(request, *args, **kwargs)
  File "F:\workon_home\shenqioperate\lib\site-packages\rest_framework\views.py", line 505, in dispatch
    response = self.handle_exception(exc)
  File "F:\workon_home\shenqioperate\lib\site-packages\rest_framework\views.py", line 465, in handle_exception
    self.raise_uncaught_exception(exc)
  File "F:\workon_home\shenqioperate\lib\site-packages\rest_framework\views.py", line 476, in raise_uncaught_exception
    raise exc
  File "F:\workon_home\shenqioperate\lib\site-packages\rest_framework\views.py", line 502, in dispatch
    response = handler(request, *args, **kwargs)
  File "F:\pythonproject\shenqiproject\shenqioperate\apps\channelmanage\views.py", line 19, in get
    conn = pymysql.Connect(**dbconfig)
  File "F:\workon_home\shenqioperate\lib\site-packages\pymysql\__init__.py", line 94, in Connect
    return Connection(*args, **kwargs)
  File "F:\workon_home\shenqioperate\lib\site-packages\pymysql\connections.py", line 325, in __init__
    self.connect()
  File "F:\workon_home\shenqioperate\lib\site-packages\pymysql\connections.py", line 599, in connect
    self._request_authentication()
  File "F:\workon_home\shenqioperate\lib\site-packages\pymysql\connections.py", line 861, in _request_authentication
    auth_packet = self._read_packet()
  File "F:\workon_home\shenqioperate\lib\site-packages\pymysql\connections.py", line 684, in _read_packet
    packet.check_error()
  File "F:\workon_home\shenqioperate\lib\site-packages\pymysql\protocol.py", line 220, in check_error
    err.raise_mysql_exception(self._data)
  File "F:\workon_home\shenqioperate\lib\site-packages\pymysql\err.py", line 109, in raise_mysql_exception
    raise errorclass(errno, errval)
pymysql.err.OperationalError: (1045, "Access denied for user 'root'@'27.16.228.243' (using password: YES)")
ERROR  2020-01-19 15:57:50,090  basehttp  154  "GET /channels/ HTTP/1.1" 500 20645
INFO  2020-01-19 16:04:29,990  autoreload  578  Watching for file changes with StatReloader
INFO  2020-01-19 16:04:38,968  basehttp  154  "GET /channels/ HTTP/1.1" 200 45530
ERROR  2020-01-19 17:24:19,908  log  228  Internal Server Error: /channels/
Traceback (most recent call last):
  File "F:\workon_home\shenqioperate\lib\site-packages\django\core\handlers\exception.py", line 34, in inner
    response = get_response(request)
  File "F:\workon_home\shenqioperate\lib\site-packages\django\core\handlers\base.py", line 115, in _get_response
    response = self.process_exception_by_middleware(e, request)
  File "F:\workon_home\shenqioperate\lib\site-packages\django\core\handlers\base.py", line 113, in _get_response
    response = wrapped_callback(request, *callback_args, **callback_kwargs)
  File "F:\workon_home\shenqioperate\lib\site-packages\django\views\decorators\csrf.py", line 54, in wrapped_view
    return view_func(*args, **kwargs)
  File "F:\workon_home\shenqioperate\lib\site-packages\django\views\generic\base.py", line 71, in view
    return self.dispatch(request, *args, **kwargs)
  File "F:\workon_home\shenqioperate\lib\site-packages\rest_framework\views.py", line 507, in dispatch
    self.response = self.finalize_response(request, response, *args, **kwargs)
  File "F:\workon_home\shenqioperate\lib\site-packages\rest_framework\views.py", line 422, in finalize_response
    % type(response)
AssertionError: Expected a `Response`, `HttpResponse` or `HttpStreamingResponse` to be returned from the view, but received a `<class 'NoneType'>`
ERROR  2020-01-19 17:24:19,909  basehttp  154  "POST /channels/ HTTP/1.1" 500 85914
INFO  2020-01-19 17:24:49,520  autoreload  578  Watching for file changes with StatReloader
INFO  2020-01-19 17:28:53,751  autoreload  578  Watching for file changes with StatReloader
INFO  2020-01-20 10:28:50,963  autoreload  578  Watching for file changes with StatReloader
INFO  2020-01-20 10:29:28,835  basehttp  154  "POST /channels/ HTTP/1.1" 200 35
INFO  2020-01-20 10:34:53,496  autoreload  578  Watching for file changes with StatReloader
ERROR  2020-01-20 10:35:18,387  views  108  渠道修改失败
ERROR  2020-01-20 10:35:18,986  views  109  HTTPConnectionPool(host='192.168.90.208', port=41210): Max retries exceeded with url: / (Caused by NewConnectionError('<urllib3.connection.HTTPConnection object at 0x000000000621B948>: Failed to establish a new connection: [WinError 10061] 由于目标计算机积极拒绝，无法连接。'))
INFO  2020-01-20 10:35:19,843  basehttp  154  "POST /channels/ HTTP/1.1" 200 44
ERROR  2020-01-20 10:36:35,204  views  108  渠道修改失败
ERROR  2020-01-20 10:36:35,424  views  109  HTTPConnectionPool(host='192.168.90.208', port=41210): Max retries exceeded with url: / (Caused by NewConnectionError('<urllib3.connection.HTTPConnection object at 0x00000000060542C8>: Failed to establish a new connection: [WinError 10061] 由于目标计算机积极拒绝，无法连接。'))
INFO  2020-01-20 10:36:35,609  basehttp  154  "POST /channels/ HTTP/1.1" 200 44
INFO  2020-01-20 10:37:41,124  basehttp  154  "POST /channels/ HTTP/1.1" 200 35
INFO  2020-01-20 10:42:59,771  autoreload  578  Watching for file changes with StatReloader
INFO  2020-01-20 10:43:12,645  basehttp  154  "POST /channels/ HTTP/1.1" 200 35
INFO  2020-01-20 10:44:43,390  autoreload  578  Watching for file changes with StatReloader
INFO  2020-01-20 10:44:53,932  autoreload  578  Watching for file changes with StatReloader
INFO  2020-01-20 10:45:49,653  autoreload  578  Watching for file changes with StatReloader
INFO  2020-01-20 10:46:15,842  basehttp  154  "POST /channels/ HTTP/1.1" 200 35
INFO  2020-01-20 10:49:13,040  autoreload  578  Watching for file changes with StatReloader
ERROR  2020-01-20 10:49:21,167  views  108  渠道修改失败
ERROR  2020-01-20 10:49:21,168  views  109  HTTPConnectionPool(host='192.168.90.208', port=41210): Max retries exceeded with url: / (Caused by NewConnectionError('<urllib3.connection.HTTPConnection object at 0x00000000062E7C48>: Failed to establish a new connection: [WinError 10061] 由于目标计算机积极拒绝，无法连接。'))
INFO  2020-01-20 10:49:21,178  basehttp  154  "POST /channels/ HTTP/1.1" 200 44
INFO  2020-01-20 10:50:27,016  basehttp  154  "POST /channels/ HTTP/1.1" 200 175
INFO  2020-01-20 11:29:54,244  autoreload  578  Watching for file changes with StatReloader
WARNING  2020-01-20 11:29:56,533  log  228  Unauthorized: /channels/
WARNING  2020-01-20 11:29:56,534  basehttp  154  "GET /channels/ HTTP/1.1" 401 46
INFO  2020-01-20 11:30:26,011  basehttp  154  "GET /channels/ HTTP/1.1" 200 438
INFO  2020-01-20 11:30:36,520  basehttp  154  "GET /channels/ HTTP/1.1" 200 438
